TN:
SF:server.js
FN:33,(anonymous_0)
FN:34,(anonymous_1)
FN:49,(anonymous_2)
FN:55,(anonymous_3)
FN:63,(anonymous_4)
FNF:5
FNH:0
FNDA:0,(anonymous_0)
FNDA:0,(anonymous_1)
FNDA:0,(anonymous_2)
FNDA:0,(anonymous_3)
FNDA:0,(anonymous_4)
DA:1,1
DA:2,1
DA:3,1
DA:4,1
DA:5,1
DA:8,1
DA:9,1
DA:10,1
DA:11,1
DA:12,1
DA:15,1
DA:16,1
DA:17,1
DA:18,1
DA:19,1
DA:20,1
DA:23,1
DA:26,1
DA:27,1
DA:28,1
DA:31,1
DA:32,0
DA:33,0
DA:34,0
DA:38,1
DA:39,1
DA:40,1
DA:41,1
DA:42,1
DA:43,1
DA:46,1
DA:47,0
DA:49,0
DA:50,0
DA:55,1
DA:56,0
DA:57,0
DA:61,1
DA:62,0
DA:63,0
DA:66,1
LF:41
LH:31
BRDA:31,0,0,0
BRDA:31,0,1,1
BRDA:46,1,0,0
BRDA:46,1,1,1
BRDA:61,2,0,0
BRDA:61,2,1,1
BRDA:62,3,0,0
BRDA:62,3,1,0
BRF:8
BRH:3
end_of_record
TN:
SF:controllers\reportController.js
FN:7,(anonymous_0)
FN:27,(anonymous_1)
FN:60,(anonymous_2)
FN:92,(anonymous_3)
FN:111,(anonymous_4)
FN:112,(anonymous_5)
FN:137,(anonymous_6)
FN:145,(anonymous_7)
FN:155,(anonymous_8)
FN:175,(anonymous_9)
FN:186,(anonymous_10)
FN:207,(anonymous_11)
FN:223,(anonymous_12)
FN:233,(anonymous_13)
FN:242,(anonymous_14)
FN:243,(anonymous_15)
FNF:16
FNH:0
FNDA:0,(anonymous_0)
FNDA:0,(anonymous_1)
FNDA:0,(anonymous_2)
FNDA:0,(anonymous_3)
FNDA:0,(anonymous_4)
FNDA:0,(anonymous_5)
FNDA:0,(anonymous_6)
FNDA:0,(anonymous_7)
FNDA:0,(anonymous_8)
FNDA:0,(anonymous_9)
FNDA:0,(anonymous_10)
FNDA:0,(anonymous_11)
FNDA:0,(anonymous_12)
FNDA:0,(anonymous_13)
FNDA:0,(anonymous_14)
FNDA:0,(anonymous_15)
DA:1,1
DA:2,1
DA:3,1
DA:4,1
DA:7,1
DA:8,0
DA:9,0
DA:11,0
DA:19,0
DA:21,0
DA:22,0
DA:27,1
DA:28,0
DA:29,0
DA:30,0
DA:32,0
DA:41,0
DA:43,0
DA:44,0
DA:46,0
DA:47,0
DA:49,0
DA:52,0
DA:54,0
DA:55,0
DA:60,1
DA:61,0
DA:62,0
DA:64,0
DA:76,0
DA:78,0
DA:79,0
DA:82,0
DA:92,0
DA:93,0
DA:103,0
DA:104,0
DA:105,0
DA:106,0
DA:109,0
DA:110,0
DA:111,0
DA:112,0
DA:113,0
DA:114,0
DA:115,0
DA:116,0
DA:120,0
DA:121,0
DA:122,0
DA:123,0
DA:126,0
DA:127,0
DA:128,0
DA:129,0
DA:130,0
DA:131,0
DA:132,0
DA:135,0
DA:136,0
DA:137,0
DA:138,0
DA:140,0
DA:143,0
DA:144,0
DA:145,0
DA:146,0
DA:151,0
DA:152,0
DA:153,0
DA:155,0
DA:156,0
DA:157,0
DA:158,0
DA:159,0
DA:160,0
DA:161,0
DA:163,0
DA:166,0
DA:167,0
DA:168,0
DA:169,0
DA:172,0
DA:173,0
DA:175,0
DA:176,0
DA:186,0
DA:187,0
DA:188,0
DA:189,0
DA:192,0
DA:195,0
DA:196,0
DA:197,0
DA:198,0
DA:201,0
DA:202,0
DA:207,1
DA:208,0
DA:223,0
DA:225,0
DA:227,0
DA:230,0
DA:233,0
DA:234,0
DA:238,0
DA:242,1
DA:243,0
LF:108
LH:9
BRDA:41,0,0,0
BRDA:41,0,1,0
BRDA:41,0,2,0
BRDA:76,1,0,0
BRDA:76,1,1,0
BRDA:76,1,2,0
BRDA:76,1,3,0
BRDA:99,2,0,0
BRDA:99,2,1,0
BRDA:126,3,0,0
BRDA:126,3,1,0
BRDA:160,4,0,0
BRDA:160,4,1,0
BRDA:182,5,0,0
BRDA:182,5,1,0
BRDA:195,6,0,0
BRDA:195,6,1,0
BRDA:230,7,0,0
BRDA:230,7,1,0
BRF:19
BRH:0
end_of_record
TN:
SF:middleware\auth.js
FN:5,(anonymous_0)
FN:59,(anonymous_1)
FN:60,(anonymous_2)
FN:76,(anonymous_3)
FN:85,(anonymous_4)
FN:94,(anonymous_5)
FNF:6
FNH:2
FNDA:2,(anonymous_0)
FNDA:4,(anonymous_1)
FNDA:0,(anonymous_2)
FNDA:0,(anonymous_3)
FNDA:0,(anonymous_4)
FNDA:0,(anonymous_5)
DA:1,1
DA:2,1
DA:5,1
DA:6,2
DA:8,2
DA:12,2
DA:13,1
DA:14,1
DA:18,1
DA:21,1
DA:22,1
DA:25,1
DA:27,1
DA:28,0
DA:29,0
DA:33,1
DA:34,0
DA:35,0
DA:39,1
DA:40,1
DA:42,0
DA:48,0
DA:49,0
DA:50,0
DA:51,0
DA:54,0
DA:59,1
DA:60,4
DA:61,0
DA:62,0
DA:65,0
DA:66,0
DA:68,0
DA:76,1
DA:77,0
DA:78,0
DA:80,0
DA:85,1
DA:86,0
DA:87,0
DA:89,0
DA:94,1
DA:95,0
DA:97,0
DA:104,0
DA:106,0
LF:46
LH:21
BRDA:8,0,0,2
BRDA:8,0,1,1
BRDA:12,1,0,1
BRDA:12,1,1,1
BRDA:27,2,0,0
BRDA:27,2,1,1
BRDA:33,3,0,0
BRDA:33,3,1,1
BRDA:48,4,0,0
BRDA:48,4,1,0
BRDA:50,5,0,0
BRDA:50,5,1,0
BRDA:61,6,0,0
BRDA:61,6,1,0
BRDA:65,7,0,0
BRDA:65,7,1,0
BRDA:77,8,0,0
BRDA:77,8,1,0
BRDA:77,9,0,0
BRDA:77,9,1,0
BRDA:86,10,0,0
BRDA:86,10,1,0
BRDA:86,11,0,0
BRDA:86,11,1,0
BRDA:86,11,2,0
BRDA:95,12,0,0
BRDA:95,12,1,0
BRDA:97,13,0,0
BRDA:97,13,1,0
BRDA:98,14,0,0
BRDA:98,14,1,0
BRDA:98,14,2,0
BRDA:98,14,3,0
BRF:33
BRH:6
end_of_record
TN:
SF:models\Attendance.js
FN:57,(anonymous_0)
FN:63,(anonymous_1)
FN:73,(anonymous_2)
FN:76,(anonymous_3)
FN:86,(anonymous_4)
FNF:5
FNH:0
FNDA:0,(anonymous_0)
FNDA:0,(anonymous_1)
FNDA:0,(anonymous_2)
FNDA:0,(anonymous_3)
FNDA:0,(anonymous_4)
DA:1,1
DA:3,1
DA:13,1
DA:53,1
DA:54,1
DA:57,1
DA:58,0
DA:60,0
DA:63,0
DA:64,0
DA:65,0
DA:69,0
DA:73,1
DA:74,0
DA:76,0
DA:77,0
DA:78,0
DA:82,0
DA:86,1
DA:87,0
DA:88,0
DA:89,0
DA:93,1
DA:94,1
DA:96,1
LF:25
LH:11
BRDA:58,0,0,0
BRDA:58,0,1,0
BRDA:64,1,0,0
BRDA:64,1,1,0
BRDA:77,2,0,0
BRDA:77,2,1,0
BRDA:87,3,0,0
BRDA:87,3,1,0
BRF:8
BRH:0
end_of_record
TN:
SF:models\Department.js
FN:97,(anonymous_0)
FN:118,(anonymous_1)
FN:135,(anonymous_2)
FNF:3
FNH:1
FNDA:7,(anonymous_0)
FNDA:0,(anonymous_1)
FNDA:0,(anonymous_2)
DA:1,1
DA:3,1
DA:77,1
DA:85,1
DA:92,1
DA:93,1
DA:94,1
DA:97,1
DA:98,7
DA:99,7
DA:100,7
DA:101,7
DA:103,7
DA:104,0
DA:107,7
DA:108,0
DA:111,0
DA:114,7
DA:118,1
DA:119,0
DA:120,0
DA:122,0
DA:123,0
DA:124,0
DA:125,0
DA:127,0
DA:131,0
DA:135,1
DA:136,0
DA:144,1
LF:30
LH:18
BRDA:98,0,0,7
BRDA:98,0,1,0
BRDA:103,1,0,0
BRDA:103,1,1,7
BRDA:107,2,0,0
BRDA:107,2,1,7
BRDA:124,3,0,0
BRDA:124,3,1,0
BRF:8
BRH:3
end_of_record
TN:
SF:models\Schedule.js
FN:67,(anonymous_0)
FNF:1
FNH:0
FNDA:0,(anonymous_0)
DA:1,1
DA:3,1
DA:63,1
DA:64,1
DA:67,1
DA:68,0
DA:69,0
DA:70,0
DA:71,0
DA:73,0
DA:74,0
DA:75,0
DA:78,0
DA:82,1
DA:83,1
DA:85,1
LF:16
LH:8
BRDA:73,0,0,0
BRDA:73,0,1,0
BRF:2
BRH:0
end_of_record
TN:
SF:models\TimeOff.js
FN:81,(anonymous_0)
FNF:1
FNH:0
FNDA:0,(anonymous_0)
DA:1,1
DA:3,1
DA:20,1
DA:76,1
DA:77,1
DA:78,1
DA:81,1
DA:82,0
DA:83,0
DA:84,0
DA:85,0
DA:89,1
DA:90,1
DA:92,1
LF:14
LH:10
BRF:0
BRH:0
end_of_record
TN:
SF:models\User.js
FN:113,(anonymous_0)
FN:118,(anonymous_1)
FN:131,(anonymous_2)
FN:136,(anonymous_3)
FN:141,(anonymous_4)
FNF:5
FNH:2
FNDA:0,(anonymous_0)
FNDA:16,(anonymous_1)
FNDA:4,(anonymous_2)
FNDA:0,(anonymous_3)
FNDA:0,(anonymous_4)
DA:1,1
DA:2,1
DA:3,1
DA:5,1
DA:109,1
DA:110,1
DA:113,1
DA:114,0
DA:118,1
DA:119,16
DA:121,13
DA:122,13
DA:123,13
DA:124,13
DA:126,0
DA:131,1
DA:132,4
DA:136,1
DA:137,0
DA:141,1
DA:142,0
DA:143,0
DA:147,0
DA:148,0
DA:151,1
LF:25
LH:18
BRDA:119,0,0,3
BRDA:119,0,1,13
BRF:2
BRH:2
end_of_record
TN:
SF:routes\attendance.js
FN:13,(anonymous_0)
FN:53,(anonymous_1)
FN:90,(anonymous_2)
FN:130,(anonymous_3)
FN:169,(anonymous_4)
FN:210,(anonymous_5)
FN:237,(anonymous_6)
FN:264,(anonymous_7)
FN:328,(anonymous_8)
FN:375,(anonymous_9)
FNF:10
FNH:0
FNDA:0,(anonymous_0)
FNDA:0,(anonymous_1)
FNDA:0,(anonymous_2)
FNDA:0,(anonymous_3)
FNDA:0,(anonymous_4)
FNDA:0,(anonymous_5)
FNDA:0,(anonymous_6)
FNDA:0,(anonymous_7)
FNDA:0,(anonymous_8)
FNDA:0,(anonymous_9)
DA:1,1
DA:2,1
DA:3,1
DA:4,1
DA:5,1
DA:6,1
DA:13,1
DA:14,0
DA:16,0
DA:17,0
DA:19,0
DA:28,0
DA:29,0
DA:33,0
DA:39,0
DA:41,0
DA:43,0
DA:44,0
DA:53,1
DA:54,0
DA:55,0
DA:56,0
DA:58,0
DA:67,0
DA:68,0
DA:71,0
DA:72,0
DA:75,0
DA:76,0
DA:78,0
DA:80,0
DA:81,0
DA:90,1
DA:91,0
DA:92,0
DA:93,0
DA:95,0
DA:104,0
DA:105,0
DA:108,0
DA:109,0
DA:112,0
DA:116,0
DA:118,0
DA:120,0
DA:121,0
DA:130,1
DA:131,0
DA:132,0
DA:133,0
DA:135,0
DA:144,0
DA:145,0
DA:148,0
DA:149,0
DA:152,0
DA:153,0
DA:155,0
DA:157,0
DA:159,0
DA:160,0
DA:169,1
DA:170,0
DA:171,0
DA:172,0
DA:174,0
DA:183,0
DA:184,0
DA:191,0
DA:200,0
DA:201,0
DA:210,1
DA:211,0
DA:212,0
DA:213,0
DA:215,0
DA:216,0
DA:222,0
DA:225,0
DA:227,0
DA:228,0
DA:237,1
DA:238,0
DA:239,0
DA:240,0
DA:242,0
DA:243,0
DA:249,0
DA:252,0
DA:254,0
DA:255,0
DA:264,1
DA:265,0
DA:274,0
DA:277,0
DA:278,0
DA:279,0
DA:283,0
DA:284,0
DA:286,0
DA:287,0
DA:289,0
DA:297,0
DA:298,0
DA:302,0
DA:314,0
DA:316,0
DA:318,0
DA:319,0
DA:328,1
DA:329,0
DA:339,0
DA:342,0
DA:344,0
DA:345,0
DA:349,0
DA:350,0
DA:351,0
DA:352,0
DA:353,0
DA:354,0
DA:355,0
DA:356,0
DA:358,0
DA:359,0
DA:361,0
DA:363,0
DA:365,0
DA:366,0
DA:375,1
DA:376,0
DA:378,0
DA:380,0
DA:381,0
DA:384,0
DA:386,0
DA:388,0
DA:389,0
DA:393,1
LF:139
LH:17
BRDA:28,0,0,0
BRDA:28,0,1,0
BRDA:67,1,0,0
BRDA:67,1,1,0
BRDA:71,2,0,0
BRDA:71,2,1,0
BRDA:104,3,0,0
BRDA:104,3,1,0
BRDA:108,4,0,0
BRDA:108,4,1,0
BRDA:144,5,0,0
BRDA:144,5,1,0
BRDA:148,6,0,0
BRDA:148,6,1,0
BRDA:183,7,0,0
BRDA:183,7,1,0
BRDA:215,8,0,0
BRDA:215,8,1,0
BRDA:215,9,0,0
BRDA:215,9,1,0
BRDA:242,10,0,0
BRDA:242,10,1,0
BRDA:242,11,0,0
BRDA:242,11,1,0
BRDA:278,12,0,0
BRDA:278,12,1,0
BRDA:297,13,0,0
BRDA:297,13,1,0
BRDA:306,14,0,0
BRDA:306,14,1,0
BRDA:307,15,0,0
BRDA:307,15,1,0
BRDA:308,16,0,0
BRDA:308,16,1,0
BRDA:344,17,0,0
BRDA:344,17,1,0
BRDA:349,18,0,0
BRDA:349,18,1,0
BRDA:350,19,0,0
BRDA:350,19,1,0
BRDA:351,20,0,0
BRDA:351,20,1,0
BRDA:352,21,0,0
BRDA:352,21,1,0
BRDA:353,22,0,0
BRDA:353,22,1,0
BRDA:354,23,0,0
BRDA:354,23,1,0
BRDA:355,24,0,0
BRDA:355,24,1,0
BRDA:356,25,0,0
BRDA:356,25,1,0
BRDA:380,26,0,0
BRDA:380,26,1,0
BRF:54
BRH:0
end_of_record
TN:
SF:routes\auth.js
FN:13,(anonymous_0)
FN:19,(anonymous_1)
FN:100,(anonymous_2)
FN:113,(anonymous_3)
FN:190,(anonymous_4)
FN:212,(anonymous_5)
FNF:6
FNH:4
FNDA:2,(anonymous_0)
FNDA:14,(anonymous_1)
FNDA:0,(anonymous_2)
FNDA:4,(anonymous_3)
FNDA:1,(anonymous_4)
FNDA:0,(anonymous_5)
DA:1,1
DA:2,1
DA:3,1
DA:4,1
DA:5,1
DA:6,1
DA:13,1
DA:14,2
DA:15,2
DA:18,2
DA:19,14
DA:21,2
DA:22,0
DA:28,2
DA:29,2
DA:30,0
DA:34,2
DA:35,0
DA:39,2
DA:40,2
DA:41,1
DA:45,1
DA:46,1
DA:47,0
DA:51,1
DA:52,1
DA:53,1
DA:54,0
DA:59,1
DA:72,1
DA:75,1
DA:81,1
DA:83,1
DA:96,0
DA:99,0
DA:100,0
DA:101,0
DA:104,0
DA:113,1
DA:114,4
DA:115,4
DA:117,4
DA:120,4
DA:121,0
DA:122,0
DA:126,4
DA:127,4
DA:129,4
DA:130,0
DA:134,4
DA:135,0
DA:136,0
DA:140,4
DA:141,4
DA:142,0
DA:143,0
DA:145,4
DA:148,4
DA:150,4
DA:151,1
DA:155,3
DA:156,3
DA:159,3
DA:165,3
DA:167,3
DA:180,0
DA:181,0
DA:190,1
DA:191,1
DA:192,1
DA:196,1
DA:197,0
DA:200,1
DA:202,0
DA:203,0
DA:212,1
DA:213,0
DA:214,0
DA:217,0
DA:218,0
DA:222,0
DA:223,0
DA:227,0
DA:228,0
DA:229,0
DA:233,0
DA:234,0
DA:235,0
DA:239,0
DA:240,0
DA:242,0
DA:244,0
DA:245,0
DA:249,1
LF:94
LH:55
BRDA:21,0,0,0
BRDA:21,0,1,2
BRDA:29,1,0,0
BRDA:29,1,1,2
BRDA:34,2,0,0
BRDA:34,2,1,2
BRDA:40,3,0,1
BRDA:40,3,1,1
BRDA:46,4,0,0
BRDA:46,4,1,1
BRDA:51,5,0,1
BRDA:51,5,1,0
BRDA:53,6,0,0
BRDA:53,6,1,1
BRDA:64,7,0,1
BRDA:64,7,1,0
BRDA:99,8,0,0
BRDA:99,8,1,0
BRDA:120,9,0,0
BRDA:120,9,1,4
BRDA:120,10,0,4
BRDA:120,10,1,4
BRDA:129,11,0,0
BRDA:129,11,1,4
BRDA:134,12,0,0
BRDA:134,12,1,4
BRDA:141,13,0,0
BRDA:141,13,1,4
BRDA:150,14,0,1
BRDA:150,14,1,3
BRDA:196,15,0,0
BRDA:196,15,1,1
BRDA:217,16,0,0
BRDA:217,16,1,0
BRDA:217,17,0,0
BRDA:217,17,1,0
BRDA:222,18,0,0
BRDA:222,18,1,0
BRDA:228,19,0,0
BRDA:228,19,1,0
BRDA:234,20,0,0
BRDA:234,20,1,0
BRF:42
BRH:18
end_of_record
TN:
SF:routes\reports.js
FN:14,(anonymous_0)
FN:32,(anonymous_1)
FN:114,(anonymous_2)
FN:133,(anonymous_3)
FN:190,(anonymous_4)
FN:216,(anonymous_5)
FN:284,(anonymous_6)
FN:302,(anonymous_7)
FN:325,(anonymous_8)
FN:411,(anonymous_9)
FN:453,(anonymous_10)
FN:454,(anonymous_11)
FN:455,(anonymous_12)
FN:457,(anonymous_13)
FN:458,(anonymous_14)
FN:459,(anonymous_15)
FN:460,(anonymous_16)
FN:462,(anonymous_17)
FN:464,(anonymous_18)
FN:465,(anonymous_19)
FNF:20
FNH:0
FNDA:0,(anonymous_0)
FNDA:0,(anonymous_1)
FNDA:0,(anonymous_2)
FNDA:0,(anonymous_3)
FNDA:0,(anonymous_4)
FNDA:0,(anonymous_5)
FNDA:0,(anonymous_6)
FNDA:0,(anonymous_7)
FNDA:0,(anonymous_8)
FNDA:0,(anonymous_9)
FNDA:0,(anonymous_10)
FNDA:0,(anonymous_11)
FNDA:0,(anonymous_12)
FNDA:0,(anonymous_13)
FNDA:0,(anonymous_14)
FNDA:0,(anonymous_15)
FNDA:0,(anonymous_16)
FNDA:0,(anonymous_17)
FNDA:0,(anonymous_18)
FNDA:0,(anonymous_19)
DA:1,1
DA:2,1
DA:3,1
DA:4,1
DA:5,1
DA:6,1
DA:7,1
DA:8,1
DA:9,1
DA:14,1
DA:15,0
DA:16,0
DA:19,0
DA:20,0
DA:24,0
DA:29,0
DA:31,0
DA:32,0
DA:33,0
DA:37,0
DA:104,0
DA:106,0
DA:107,0
DA:114,1
DA:115,0
DA:116,0
DA:119,0
DA:120,0
DA:124,0
DA:130,0
DA:132,0
DA:133,0
DA:134,0
DA:138,0
DA:180,0
DA:182,0
DA:183,0
DA:190,1
DA:191,0
DA:192,0
DA:195,0
DA:196,0
DA:200,0
DA:207,0
DA:208,0
DA:212,0
DA:213,0
DA:215,0
DA:216,0
DA:217,0
DA:221,0
DA:263,0
DA:264,0
DA:265,0
DA:281,0
DA:284,0
DA:289,0
DA:294,0
DA:295,0
DA:302,1
DA:303,0
DA:304,0
DA:307,0
DA:308,0
DA:312,0
DA:315,0
DA:319,0
DA:322,0
DA:324,0
DA:325,0
DA:328,0
DA:355,0
DA:381,0
DA:401,0
DA:403,0
DA:404,0
DA:411,1
DA:412,0
DA:413,0
DA:414,0
DA:417,0
DA:418,0
DA:422,0
DA:423,0
DA:427,0
DA:428,0
DA:429,0
DA:433,0
DA:439,0
DA:446,0
DA:453,0
DA:454,0
DA:455,0
DA:457,0
DA:458,0
DA:459,0
DA:460,0
DA:462,0
DA:463,0
DA:464,0
DA:465,0
DA:468,0
DA:490,0
DA:492,0
DA:493,0
DA:498,1
DA:501,1
DA:504,1
DA:506,1
LF:109
LH:18
BRDA:19,0,0,0
BRDA:19,0,1,0
BRDA:19,1,0,0
BRDA:19,1,1,0
BRDA:29,2,0,0
BRDA:29,2,1,0
BRDA:119,3,0,0
BRDA:119,3,1,0
BRDA:119,4,0,0
BRDA:119,4,1,0
BRDA:130,5,0,0
BRDA:130,5,1,0
BRDA:195,6,0,0
BRDA:195,6,1,0
BRDA:195,7,0,0
BRDA:195,7,1,0
BRDA:207,8,0,0
BRDA:207,8,1,0
BRDA:213,9,0,0
BRDA:213,9,1,0
BRDA:264,10,0,0
BRDA:264,10,1,0
BRDA:307,11,0,0
BRDA:307,11,1,0
BRDA:307,12,0,0
BRDA:307,12,1,0
BRDA:312,13,0,0
BRDA:312,13,1,0
BRDA:315,14,0,0
BRDA:315,14,1,0
BRDA:384,15,0,0
BRDA:384,15,1,0
BRDA:392,16,0,0
BRDA:392,16,1,0
BRDA:417,17,0,0
BRDA:417,17,1,0
BRDA:417,18,0,0
BRDA:417,18,1,0
BRDA:422,19,0,0
BRDA:422,19,1,0
BRDA:422,20,0,0
BRDA:422,20,1,0
BRDA:428,21,0,0
BRDA:428,21,1,0
BRDA:455,22,0,0
BRDA:455,22,1,0
BRDA:479,23,0,0
BRDA:479,23,1,0
BRF:48
BRH:0
end_of_record
TN:
SF:routes\schedules.js
FN:12,(anonymous_0)
FN:68,(anonymous_1)
FN:106,(anonymous_2)
FN:138,(anonymous_3)
FN:170,(anonymous_4)
FN:207,(anonymous_5)
FN:269,(anonymous_6)
FN:293,(anonymous_7)
FNF:8
FNH:0
FNDA:0,(anonymous_0)
FNDA:0,(anonymous_1)
FNDA:0,(anonymous_2)
FNDA:0,(anonymous_3)
FNDA:0,(anonymous_4)
FNDA:0,(anonymous_5)
FNDA:0,(anonymous_6)
FNDA:0,(anonymous_7)
DA:1,1
DA:2,1
DA:3,1
DA:4,1
DA:5,1
DA:12,1
DA:13,0
DA:27,0
DA:30,0
DA:31,0
DA:32,0
DA:33,0
DA:38,0
DA:54,0
DA:56,0
DA:58,0
DA:59,0
DA:68,1
DA:69,0
DA:70,0
DA:72,0
DA:75,0
DA:76,0
DA:85,0
DA:86,0
DA:89,0
DA:94,0
DA:96,0
DA:97,0
DA:106,1
DA:107,0
DA:108,0
DA:110,0
DA:113,0
DA:114,0
DA:122,0
DA:126,0
DA:128,0
DA:129,0
DA:138,1
DA:139,0
DA:140,0
DA:142,0
DA:145,0
DA:146,0
DA:154,0
DA:158,0
DA:160,0
DA:161,0
DA:170,1
DA:171,0
DA:172,0
DA:177,0
DA:178,0
DA:182,0
DA:187,0
DA:190,0
DA:192,0
DA:194,0
DA:195,0
DA:198,0
DA:207,1
DA:208,0
DA:223,0
DA:226,0
DA:228,0
DA:229,0
DA:233,0
DA:234,0
DA:235,0
DA:236,0
DA:237,0
DA:238,0
DA:239,0
DA:240,0
DA:241,0
DA:242,0
DA:243,0
DA:244,0
DA:245,0
DA:246,0
DA:248,0
DA:251,0
DA:257,0
DA:259,0
DA:260,0
DA:269,1
DA:270,0
DA:272,0
DA:274,0
DA:275,0
DA:279,0
DA:281,0
DA:283,0
DA:284,0
DA:293,1
DA:294,0
DA:295,0
DA:297,0
DA:300,0
DA:301,0
DA:309,0
DA:314,0
DA:316,0
DA:317,0
DA:321,1
LF:106
LH:14
BRDA:30,0,0,0
BRDA:30,0,1,0
BRDA:32,1,0,0
BRDA:32,1,1,0
BRDA:46,2,0,0
BRDA:46,2,1,0
BRDA:75,3,0,0
BRDA:75,3,1,0
BRDA:75,4,0,0
BRDA:75,4,1,0
BRDA:85,5,0,0
BRDA:85,5,1,0
BRDA:113,6,0,0
BRDA:113,6,1,0
BRDA:113,7,0,0
BRDA:113,7,1,0
BRDA:145,8,0,0
BRDA:145,8,1,0
BRDA:145,9,0,0
BRDA:145,9,1,0
BRDA:177,10,0,0
BRDA:177,10,1,0
BRDA:182,11,0,0
BRDA:182,11,1,0
BRDA:183,12,0,0
BRDA:183,12,1,0
BRDA:183,12,2,0
BRDA:194,13,0,0
BRDA:194,13,1,0
BRDA:228,14,0,0
BRDA:228,14,1,0
BRDA:234,15,0,0
BRDA:234,15,1,0
BRDA:235,16,0,0
BRDA:235,16,1,0
BRDA:236,17,0,0
BRDA:236,17,1,0
BRDA:237,18,0,0
BRDA:237,18,1,0
BRDA:238,19,0,0
BRDA:238,19,1,0
BRDA:239,20,0,0
BRDA:239,20,1,0
BRDA:240,21,0,0
BRDA:240,21,1,0
BRDA:241,22,0,0
BRDA:241,22,1,0
BRDA:242,23,0,0
BRDA:242,23,1,0
BRDA:243,24,0,0
BRDA:243,24,1,0
BRDA:244,25,0,0
BRDA:244,25,1,0
BRDA:245,26,0,0
BRDA:245,26,1,0
BRDA:246,27,0,0
BRDA:246,27,1,0
BRDA:274,28,0,0
BRDA:274,28,1,0
BRDA:300,29,0,0
BRDA:300,29,1,0
BRDA:300,30,0,0
BRDA:300,30,1,0
BRF:63
BRH:0
end_of_record
TN:
SF:routes\timeoff.js
FN:12,(anonymous_0)
FN:46,(anonymous_1)
FN:84,(anonymous_2)
FN:126,(anonymous_3)
FN:163,(anonymous_4)
FN:217,(anonymous_5)
FN:269,(anonymous_6)
FN:305,(anonymous_7)
FN:353,(anonymous_8)
FNF:9
FNH:0
FNDA:0,(anonymous_0)
FNDA:0,(anonymous_1)
FNDA:0,(anonymous_2)
FNDA:0,(anonymous_3)
FNDA:0,(anonymous_4)
FNDA:0,(anonymous_5)
FNDA:0,(anonymous_6)
FNDA:0,(anonymous_7)
FNDA:0,(anonymous_8)
DA:1,1
DA:2,1
DA:3,1
DA:4,1
DA:5,1
DA:12,1
DA:13,0
DA:20,0
DA:23,0
DA:32,0
DA:34,0
DA:36,0
DA:37,0
DA:46,1
DA:47,0
DA:48,0
DA:50,0
DA:53,0
DA:54,0
DA:58,0
DA:59,0
DA:67,0
DA:72,0
DA:74,0
DA:75,0
DA:84,1
DA:85,0
DA:86,0
DA:88,0
DA:91,0
DA:92,0
DA:96,0
DA:97,0
DA:98,0
DA:100,0
DA:110,0
DA:114,0
DA:116,0
DA:117,0
DA:126,1
DA:127,0
DA:128,0
DA:133,0
DA:134,0
DA:138,0
DA:143,0
DA:146,0
DA:148,0
DA:150,0
DA:151,0
DA:154,0
DA:163,1
DA:164,0
DA:171,0
DA:174,0
DA:176,0
DA:177,0
DA:181,0
DA:182,0
DA:186,0
DA:187,0
DA:191,0
DA:192,0
DA:193,0
DA:194,0
DA:195,0
DA:196,0
DA:199,0
DA:205,0
DA:207,0
DA:208,0
DA:217,1
DA:218,0
DA:219,0
DA:221,0
DA:222,0
DA:226,0
DA:228,0
DA:229,0
DA:233,0
DA:234,0
DA:238,0
DA:239,0
DA:240,0
DA:243,0
DA:244,0
DA:250,0
DA:253,0
DA:257,0
DA:259,0
DA:260,0
DA:269,1
DA:270,0
DA:272,0
DA:274,0
DA:275,0
DA:279,0
DA:280,0
DA:284,0
DA:285,0
DA:289,0
DA:291,0
DA:293,0
DA:295,0
DA:296,0
DA:305,1
DA:306,0
DA:307,0
DA:309,0
DA:310,0
DA:314,0
DA:316,0
DA:317,0
DA:321,0
DA:326,0
DA:330,0
DA:335,0
DA:338,0
DA:341,0
DA:343,0
DA:344,0
DA:353,1
DA:354,0
DA:355,0
DA:357,0
DA:360,0
DA:361,0
DA:365,0
DA:366,0
DA:367,0
DA:369,0
DA:379,0
DA:383,0
DA:385,0
DA:386,0
DA:390,1
LF:136
LH:15
BRDA:29,0,0,0
BRDA:29,0,1,0
BRDA:53,1,0,0
BRDA:53,1,1,0
BRDA:58,2,0,0
BRDA:58,2,1,0
BRDA:58,3,0,0
BRDA:58,3,1,0
BRDA:91,4,0,0
BRDA:91,4,1,0
BRDA:96,5,0,0
BRDA:96,5,1,0
BRDA:133,6,0,0
BRDA:133,6,1,0
BRDA:138,7,0,0
BRDA:138,7,1,0
BRDA:139,8,0,0
BRDA:139,8,1,0
BRDA:139,8,2,0
BRDA:150,9,0,0
BRDA:150,9,1,0
BRDA:176,10,0,0
BRDA:176,10,1,0
BRDA:181,11,0,0
BRDA:181,11,1,0
BRDA:186,12,0,0
BRDA:186,12,1,0
BRDA:192,13,0,0
BRDA:192,13,1,0
BRDA:193,14,0,0
BRDA:193,14,1,0
BRDA:194,15,0,0
BRDA:194,15,1,0
BRDA:195,16,0,0
BRDA:195,16,1,0
BRDA:196,17,0,0
BRDA:196,17,1,0
BRDA:221,18,0,0
BRDA:221,18,1,0
BRDA:228,19,0,0
BRDA:228,19,1,0
BRDA:233,20,0,0
BRDA:233,20,1,0
BRDA:243,21,0,0
BRDA:243,21,1,0
BRDA:274,22,0,0
BRDA:274,22,1,0
BRDA:279,23,0,0
BRDA:279,23,1,0
BRDA:284,24,0,0
BRDA:284,24,1,0
BRDA:284,25,0,0
BRDA:284,25,1,0
BRDA:309,26,0,0
BRDA:309,26,1,0
BRDA:316,27,0,0
BRDA:316,27,1,0
BRDA:321,28,0,0
BRDA:321,28,1,0
BRDA:322,29,0,0
BRDA:322,29,1,0
BRDA:322,29,2,0
BRDA:360,30,0,0
BRDA:360,30,1,0
BRDA:365,31,0,0
BRDA:365,31,1,0
BRF:66
BRH:0
end_of_record
TN:
SF:routes\users.js
FN:11,(anonymous_0)
FN:26,(anonymous_1)
FN:51,(anonymous_2)
FN:96,(anonymous_3)
FN:126,(anonymous_4)
FN:144,(anonymous_5)
FNF:6
FNH:0
FNDA:0,(anonymous_0)
FNDA:0,(anonymous_1)
FNDA:0,(anonymous_2)
FNDA:0,(anonymous_3)
FNDA:0,(anonymous_4)
FNDA:0,(anonymous_5)
DA:1,1
DA:2,1
DA:3,1
DA:4,1
DA:11,1
DA:12,0
DA:13,0
DA:14,0
DA:16,0
DA:17,0
DA:26,1
DA:27,0
DA:28,0
DA:30,0
DA:31,0
DA:34,0
DA:36,0
DA:38,0
DA:39,0
DA:42,0
DA:51,1
DA:52,0
DA:53,0
DA:56,0
DA:57,0
DA:58,0
DA:59,0
DA:60,0
DA:61,0
DA:62,0
DA:63,0
DA:66,0
DA:68,0
DA:69,0
DA:73,0
DA:74,0
DA:78,0
DA:84,0
DA:86,0
DA:87,0
DA:96,1
DA:97,0
DA:98,0
DA:101,0
DA:103,0
DA:104,0
DA:108,0
DA:114,0
DA:116,0
DA:117,0
DA:126,1
DA:127,0
DA:128,0
DA:132,0
DA:134,0
DA:135,0
DA:144,1
DA:145,0
DA:147,0
DA:149,0
DA:150,0
DA:154,0
DA:156,0
DA:158,0
DA:159,0
DA:163,1
LF:66
LH:11
BRDA:30,0,0,0
BRDA:30,0,1,0
BRDA:38,1,0,0
BRDA:38,1,1,0
BRDA:57,2,0,0
BRDA:57,2,1,0
BRDA:58,3,0,0
BRDA:58,3,1,0
BRDA:59,4,0,0
BRDA:59,4,1,0
BRDA:60,5,0,0
BRDA:60,5,1,0
BRDA:61,6,0,0
BRDA:61,6,1,0
BRDA:62,7,0,0
BRDA:62,7,1,0
BRDA:63,8,0,0
BRDA:63,8,1,0
BRDA:68,9,0,0
BRDA:68,9,1,0
BRDA:73,10,0,0
BRDA:73,10,1,0
BRDA:73,11,0,0
BRDA:73,11,1,0
BRDA:103,12,0,0
BRDA:103,12,1,0
BRDA:149,13,0,0
BRDA:149,13,1,0
BRF:28
BRH:0
end_of_record
TN:
SF:tests\setup.js
FN:10,(anonymous_0)
FN:28,(anonymous_1)
FN:43,(anonymous_2)
FN:52,(anonymous_3)
FN:72,(anonymous_4)
FN:91,(anonymous_5)
FN:113,(anonymous_6)
FNF:7
FNH:6
FNDA:1,(anonymous_0)
FNDA:6,(anonymous_1)
FNDA:1,(anonymous_2)
FNDA:7,(anonymous_3)
FNDA:7,(anonymous_4)
FNDA:5,(anonymous_5)
FNDA:0,(anonymous_6)
DA:1,1
DA:2,1
DA:5,1
DA:6,1
DA:7,1
DA:10,1
DA:12,1
DA:13,0
DA:16,1
DA:17,1
DA:19,1
DA:24,1
DA:28,1
DA:29,6
DA:30,6
DA:31,6
DA:32,30
DA:33,30
DA:37,6
DA:38,6
DA:39,6
DA:43,1
DA:44,1
DA:45,1
DA:46,1
DA:47,1
DA:52,1
DA:53,7
DA:54,7
DA:67,7
DA:68,7
DA:72,1
DA:73,7
DA:75,7
DA:77,7
DA:85,7
DA:87,7
DA:91,1
DA:92,5
DA:94,5
DA:96,5
DA:109,5
DA:113,1
DA:114,0
DA:123,0
LF:45
LH:42
BRDA:12,0,0,0
BRDA:12,0,1,1
BRDA:29,1,0,6
BRDA:29,1,1,0
BRDA:44,2,0,1
BRDA:44,2,1,0
BRDA:52,3,0,7
BRDA:91,4,0,5
BRDA:113,5,0,0
BRF:9
BRH:5
end_of_record
